
./build/main.elf:     file format elf32-littleriscv


Disassembly of section .text:

00000000 <_bootloader_stackpointer_>:
   0:	10400113          	addi	x2,x0,260

00000004 <_bootloader_csr_>:
   4:	00001f37          	lui	x30,0x1
   8:	800f0f13          	addi	x30,x30,-2048 # 800 <main+0x35c>
   c:	304f2073          	csrrs	x0,mie,x30
  10:	30446073          	csrrsi	x0,mie,8
  14:	30046073          	csrrsi	x0,mstatus,8
  18:	00000f17          	auipc	x30,0x0
  1c:	018f0f13          	addi	x30,x30,24 # 30 <trap_entry>
  20:	305f1073          	csrrw	x0,mtvec,x30
  24:	34101073          	csrrw	x0,mepc,x0
  28:	34201073          	csrrw	x0,mcause,x0
  2c:	478000ef          	jal	x1,4a4 <main>

00000030 <trap_entry>:
  30:	f8810113          	addi	x2,x2,-120
  34:	00112023          	sw	x1,0(x2)
  38:	00312223          	sw	x3,4(x2)
  3c:	00412423          	sw	x4,8(x2)
  40:	00512623          	sw	x5,12(x2)
  44:	00612823          	sw	x6,16(x2)
  48:	00712a23          	sw	x7,20(x2)
  4c:	00812c23          	sw	x8,24(x2)
  50:	00912e23          	sw	x9,28(x2)
  54:	02b12223          	sw	x11,36(x2)
  58:	02c12423          	sw	x12,40(x2)
  5c:	02d12623          	sw	x13,44(x2)
  60:	02e12823          	sw	x14,48(x2)
  64:	02f12a23          	sw	x15,52(x2)
  68:	03012c23          	sw	x16,56(x2)
  6c:	03112e23          	sw	x17,60(x2)
  70:	05212023          	sw	x18,64(x2)
  74:	05312223          	sw	x19,68(x2)
  78:	05412423          	sw	x20,72(x2)
  7c:	05512623          	sw	x21,76(x2)
  80:	05612823          	sw	x22,80(x2)
  84:	05712a23          	sw	x23,84(x2)
  88:	05812c23          	sw	x24,88(x2)
  8c:	05912e23          	sw	x25,92(x2)
  90:	07a12023          	sw	x26,96(x2)
  94:	07b12223          	sw	x27,100(x2)
  98:	07c12423          	sw	x28,104(x2)
  9c:	07d12623          	sw	x29,108(x2)
  a0:	07e12823          	sw	x30,112(x2)
  a4:	07f12a23          	sw	x31,116(x2)
  a8:	00088793          	addi	x15,x17,0
  ac:	00060713          	addi	x14,x12,0
  b0:	00058693          	addi	x13,x11,0
  b4:	00050613          	addi	x12,x10,0
  b8:	34202573          	csrrs	x10,mcause,x0
  bc:	341025f3          	csrrs	x11,mepc,x0
  c0:	0b8000ef          	jal	x1,178 <trap_handler>
  c4:	34151073          	csrrw	x0,mepc,x10
  c8:	00058513          	addi	x10,x11,0
  cc:	00012083          	lw	x1,0(x2)
  d0:	00412183          	lw	x3,4(x2)
  d4:	00812203          	lw	x4,8(x2)
  d8:	00c12283          	lw	x5,12(x2)
  dc:	01012303          	lw	x6,16(x2)
  e0:	01412383          	lw	x7,20(x2)
  e4:	01812403          	lw	x8,24(x2)
  e8:	01c12483          	lw	x9,28(x2)
  ec:	02412583          	lw	x11,36(x2)
  f0:	02812603          	lw	x12,40(x2)
  f4:	02c12683          	lw	x13,44(x2)
  f8:	03012703          	lw	x14,48(x2)
  fc:	03412783          	lw	x15,52(x2)
 100:	03812803          	lw	x16,56(x2)
 104:	03c12883          	lw	x17,60(x2)
 108:	04012903          	lw	x18,64(x2)
 10c:	04412983          	lw	x19,68(x2)
 110:	04812a03          	lw	x20,72(x2)
 114:	04c12a83          	lw	x21,76(x2)
 118:	05012b03          	lw	x22,80(x2)
 11c:	05412b83          	lw	x23,84(x2)
 120:	05812c03          	lw	x24,88(x2)
 124:	05c12c83          	lw	x25,92(x2)
 128:	06012d03          	lw	x26,96(x2)
 12c:	06412d83          	lw	x27,100(x2)
 130:	06812e03          	lw	x28,104(x2)
 134:	06c12e83          	lw	x29,108(x2)
 138:	07012f03          	lw	x30,112(x2)
 13c:	07412f83          	lw	x31,116(x2)
 140:	07810113          	addi	x2,x2,120
 144:	30200073          	mret

00000148 <BDPort_Setup>:
 148:	00a00893          	addi	x17,x0,10
 14c:	00000073          	ecall
 150:	00008067          	jalr	x0,0(x1)

00000154 <BDPort_Read>:
 154:	00b00893          	addi	x17,x0,11
 158:	00000073          	ecall
 15c:	00008067          	jalr	x0,0(x1)

00000160 <BDPort_Write>:
 160:	00c00893          	addi	x17,x0,12
 164:	00000073          	ecall
 168:	00008067          	jalr	x0,0(x1)

0000016c <PIC_Mask>:
 16c:	00d00893          	addi	x17,x0,13
 170:	00000073          	ecall
 174:	00008067          	jalr	x0,0(x1)

00000178 <trap_handler>:
 178:	fd810113          	addi	x2,x2,-40
 17c:	02112223          	sw	x1,36(x2)
 180:	02812023          	sw	x8,32(x2)
 184:	02810413          	addi	x8,x2,40
 188:	fea42623          	sw	x10,-20(x8)
 18c:	feb42423          	sw	x11,-24(x8)
 190:	fec42223          	sw	x12,-28(x8)
 194:	fed42023          	sw	x13,-32(x8)
 198:	fce42e23          	sw	x14,-36(x8)
 19c:	fcf42c23          	sw	x15,-40(x8)
 1a0:	fec42783          	lw	x15,-20(x8)
 1a4:	1407c063          	blt	x15,x0,2e4 <trap_handler+0x16c>
 1a8:	fec42703          	lw	x14,-20(x8)
 1ac:	00100793          	addi	x15,x0,1
 1b0:	02f71663          	bne	x14,x15,1dc <trap_handler+0x64>
 1b4:	04500c13          	addi	x24,x0,69
 1b8:	05800c93          	addi	x25,x0,88
 1bc:	04300d13          	addi	x26,x0,67
 1c0:	04500d93          	addi	x27,x0,69
 1c4:	05000e13          	addi	x28,x0,80
 1c8:	05400e93          	addi	x29,x0,84
 1cc:	05f00f13          	addi	x30,x0,95
 1d0:	03100f93          	addi	x31,x0,49
 1d4:	fe842783          	lw	x15,-24(x8)
 1d8:	1140006f          	jal	x0,2ec <trap_handler+0x174>
 1dc:	fec42703          	lw	x14,-20(x8)
 1e0:	00200793          	addi	x15,x0,2
 1e4:	02f71863          	bne	x14,x15,214 <trap_handler+0x9c>
 1e8:	04500c13          	addi	x24,x0,69
 1ec:	05800c93          	addi	x25,x0,88
 1f0:	04300d13          	addi	x26,x0,67
 1f4:	04500d93          	addi	x27,x0,69
 1f8:	05000e13          	addi	x28,x0,80
 1fc:	05400e93          	addi	x29,x0,84
 200:	05f00f13          	addi	x30,x0,95
 204:	03200f93          	addi	x31,x0,50
 208:	fe842783          	lw	x15,-24(x8)
 20c:	00478793          	addi	x15,x15,4
 210:	0dc0006f          	jal	x0,2ec <trap_handler+0x174>
 214:	fec42703          	lw	x14,-20(x8)
 218:	00400793          	addi	x15,x0,4
 21c:	02f71663          	bne	x14,x15,248 <trap_handler+0xd0>
 220:	04500c13          	addi	x24,x0,69
 224:	05800c93          	addi	x25,x0,88
 228:	04300d13          	addi	x26,x0,67
 22c:	04500d93          	addi	x27,x0,69
 230:	05000e13          	addi	x28,x0,80
 234:	05400e93          	addi	x29,x0,84
 238:	05f00f13          	addi	x30,x0,95
 23c:	03400f93          	addi	x31,x0,52
 240:	fe842783          	lw	x15,-24(x8)
 244:	0a80006f          	jal	x0,2ec <trap_handler+0x174>
 248:	fec42703          	lw	x14,-20(x8)
 24c:	00800793          	addi	x15,x0,8
 250:	08f71463          	bne	x14,x15,2d8 <trap_handler+0x160>
 254:	fd842783          	lw	x15,-40(x8)
 258:	fef42823          	sw	x15,-16(x8)
 25c:	fe042a23          	sw	x0,-12(x8)
 260:	ff042703          	lw	x14,-16(x8)
 264:	00a00793          	addi	x15,x0,10
 268:	00f71c63          	bne	x14,x15,280 <trap_handler+0x108>
 26c:	fdc42603          	lw	x12,-36(x8)
 270:	fe042583          	lw	x11,-32(x8)
 274:	fe442503          	lw	x10,-28(x8)
 278:	178000ef          	jal	x1,3f0 <Kernel_BDPort_Setup>
 27c:	0300006f          	jal	x0,2ac <trap_handler+0x134>
 280:	ff042703          	lw	x14,-16(x8)
 284:	00b00793          	addi	x15,x0,11
 288:	00f71863          	bne	x14,x15,298 <trap_handler+0x120>
 28c:	1b8000ef          	jal	x1,444 <Kernel_BDPort_Read>
 290:	fea42a23          	sw	x10,-12(x8)
 294:	0180006f          	jal	x0,2ac <trap_handler+0x134>
 298:	ff042703          	lw	x14,-16(x8)
 29c:	00c00793          	addi	x15,x0,12
 2a0:	00f71663          	bne	x14,x15,2ac <trap_handler+0x134>
 2a4:	fe442503          	lw	x10,-28(x8)
 2a8:	1cc000ef          	jal	x1,474 <Kernel_BDPort_Write>
 2ac:	ff442783          	lw	x15,-12(x8)
 2b0:	00078593          	addi	x11,x15,0
 2b4:	ff042783          	lw	x15,-16(x8)
 2b8:	04500c13          	addi	x24,x0,69
 2bc:	04300c93          	addi	x25,x0,67
 2c0:	04100d13          	addi	x26,x0,65
 2c4:	04c00d93          	addi	x27,x0,76
 2c8:	04c00e13          	addi	x28,x0,76
 2cc:	05f00e93          	addi	x29,x0,95
 2d0:	00078f13          	addi	x30,x15,0
 2d4:	02700f93          	addi	x31,x0,39
 2d8:	fe842783          	lw	x15,-24(x8)
 2dc:	00478793          	addi	x15,x15,4
 2e0:	00c0006f          	jal	x0,2ec <trap_handler+0x174>
 2e4:	01c000ef          	jal	x1,300 <ext_intr_handler>
 2e8:	fe842783          	lw	x15,-24(x8)
 2ec:	00078513          	addi	x10,x15,0
 2f0:	02412083          	lw	x1,36(x2)
 2f4:	02012403          	lw	x8,32(x2)
 2f8:	02810113          	addi	x2,x2,40
 2fc:	00008067          	jalr	x0,0(x1)

00000300 <ext_intr_handler>:
 300:	ff010113          	addi	x2,x2,-16
 304:	00812623          	sw	x8,12(x2)
 308:	01010413          	addi	x8,x2,16
 30c:	800017b7          	lui	x15,0x80001
 310:	0007c783          	lbu	x15,0(x15) # 80001000 <main+0x80000b5c>
 314:	fef42a23          	sw	x15,-12(x8)
 318:	02700c13          	addi	x24,x0,39
 31c:	02700c93          	addi	x25,x0,39
 320:	04900d13          	addi	x26,x0,73
 324:	04e00d93          	addi	x27,x0,78
 328:	05400e13          	addi	x28,x0,84
 32c:	05200e93          	addi	x29,x0,82
 330:	05f00f13          	addi	x30,x0,95
 334:	ff442703          	lw	x14,-12(x8)
 338:	00700793          	addi	x15,x0,7
 33c:	00f71663          	bne	x14,x15,348 <ext_intr_handler+0x48>
 340:	03700f93          	addi	x31,x0,55
 344:	0880006f          	jal	x0,3cc <ext_intr_handler+0xcc>
 348:	ff442703          	lw	x14,-12(x8)
 34c:	00600793          	addi	x15,x0,6
 350:	00f71663          	bne	x14,x15,35c <ext_intr_handler+0x5c>
 354:	03600f93          	addi	x31,x0,54
 358:	0740006f          	jal	x0,3cc <ext_intr_handler+0xcc>
 35c:	ff442703          	lw	x14,-12(x8)
 360:	00500793          	addi	x15,x0,5
 364:	00f71663          	bne	x14,x15,370 <ext_intr_handler+0x70>
 368:	03500f93          	addi	x31,x0,53
 36c:	0600006f          	jal	x0,3cc <ext_intr_handler+0xcc>
 370:	ff442703          	lw	x14,-12(x8)
 374:	00400793          	addi	x15,x0,4
 378:	00f71663          	bne	x14,x15,384 <ext_intr_handler+0x84>
 37c:	03400f93          	addi	x31,x0,52
 380:	04c0006f          	jal	x0,3cc <ext_intr_handler+0xcc>
 384:	ff442703          	lw	x14,-12(x8)
 388:	00300793          	addi	x15,x0,3
 38c:	00f71663          	bne	x14,x15,398 <ext_intr_handler+0x98>
 390:	03300f93          	addi	x31,x0,51
 394:	0380006f          	jal	x0,3cc <ext_intr_handler+0xcc>
 398:	ff442703          	lw	x14,-12(x8)
 39c:	00200793          	addi	x15,x0,2
 3a0:	00f71663          	bne	x14,x15,3ac <ext_intr_handler+0xac>
 3a4:	03200f93          	addi	x31,x0,50
 3a8:	0240006f          	jal	x0,3cc <ext_intr_handler+0xcc>
 3ac:	ff442703          	lw	x14,-12(x8)
 3b0:	00100793          	addi	x15,x0,1
 3b4:	00f71663          	bne	x14,x15,3c0 <ext_intr_handler+0xc0>
 3b8:	03100f93          	addi	x31,x0,49
 3bc:	0100006f          	jal	x0,3cc <ext_intr_handler+0xcc>
 3c0:	ff442783          	lw	x15,-12(x8)
 3c4:	00079463          	bne	x15,x0,3cc <ext_intr_handler+0xcc>
 3c8:	03000f93          	addi	x31,x0,48
 3cc:	800017b7          	lui	x15,0x80001
 3d0:	01078793          	addi	x15,x15,16 # 80001010 <main+0x80000b6c>
 3d4:	ff442703          	lw	x14,-12(x8)
 3d8:	0ff77713          	andi	x14,x14,255
 3dc:	00e78023          	sb	x14,0(x15)
 3e0:	00000013          	addi	x0,x0,0
 3e4:	00c12403          	lw	x8,12(x2)
 3e8:	01010113          	addi	x2,x2,16
 3ec:	00008067          	jalr	x0,0(x1)

000003f0 <Kernel_BDPort_Setup>:
 3f0:	fe810113          	addi	x2,x2,-24
 3f4:	00812a23          	sw	x8,20(x2)
 3f8:	01810413          	addi	x8,x2,24
 3fc:	fea42a23          	sw	x10,-12(x8)
 400:	feb42823          	sw	x11,-16(x8)
 404:	fec42623          	sw	x12,-20(x8)
 408:	800007b7          	lui	x15,0x80000
 40c:	01078793          	addi	x15,x15,16 # 80000010 <main+0x7ffffb6c>
 410:	ff442703          	lw	x14,-12(x8)
 414:	00e7a023          	sw	x14,0(x15)
 418:	800007b7          	lui	x15,0x80000
 41c:	ff042703          	lw	x14,-16(x8)
 420:	00e7a023          	sw	x14,0(x15) # 80000000 <main+0x7ffffb5c>
 424:	800007b7          	lui	x15,0x80000
 428:	03078793          	addi	x15,x15,48 # 80000030 <main+0x7ffffb8c>
 42c:	fec42703          	lw	x14,-20(x8)
 430:	00e7a023          	sw	x14,0(x15)
 434:	00000013          	addi	x0,x0,0
 438:	01412403          	lw	x8,20(x2)
 43c:	01810113          	addi	x2,x2,24
 440:	00008067          	jalr	x0,0(x1)

00000444 <Kernel_BDPort_Read>:
 444:	ff010113          	addi	x2,x2,-16
 448:	00812623          	sw	x8,12(x2)
 44c:	01010413          	addi	x8,x2,16
 450:	800007b7          	lui	x15,0x80000
 454:	02078793          	addi	x15,x15,32 # 80000020 <main+0x7ffffb7c>
 458:	0007a783          	lw	x15,0(x15)
 45c:	fef42a23          	sw	x15,-12(x8)
 460:	ff442783          	lw	x15,-12(x8)
 464:	00078513          	addi	x10,x15,0
 468:	00c12403          	lw	x8,12(x2)
 46c:	01010113          	addi	x2,x2,16
 470:	00008067          	jalr	x0,0(x1)

00000474 <Kernel_BDPort_Write>:
 474:	ff010113          	addi	x2,x2,-16
 478:	00812623          	sw	x8,12(x2)
 47c:	01010413          	addi	x8,x2,16
 480:	fea42a23          	sw	x10,-12(x8)
 484:	800007b7          	lui	x15,0x80000
 488:	02078793          	addi	x15,x15,32 # 80000020 <main+0x7ffffb7c>
 48c:	ff442703          	lw	x14,-12(x8)
 490:	00e7a023          	sw	x14,0(x15)
 494:	00000013          	addi	x0,x0,0
 498:	00c12403          	lw	x8,12(x2)
 49c:	01010113          	addi	x2,x2,16
 4a0:	00008067          	jalr	x0,0(x1)

000004a4 <main>:
 4a4:	fe010113          	addi	x2,x2,-32
 4a8:	00112e23          	sw	x1,28(x2)
 4ac:	00812c23          	sw	x8,24(x2)
 4b0:	02010413          	addi	x8,x2,32
 4b4:	f00007b7          	lui	x15,0xf0000
 4b8:	00f78793          	addi	x15,x15,15 # f000000f <main+0xeffffb6b>
 4bc:	fef42823          	sw	x15,-16(x8)
 4c0:	fff00793          	addi	x15,x0,-1
 4c4:	fef42623          	sw	x15,-20(x8)
 4c8:	f00007b7          	lui	x15,0xf0000
 4cc:	fef42423          	sw	x15,-24(x8)
 4d0:	fe842603          	lw	x12,-24(x8)
 4d4:	fec42583          	lw	x11,-20(x8)
 4d8:	ff042503          	lw	x10,-16(x8)
 4dc:	c6dff0ef          	jal	x1,148 <BDPort_Setup>
 4e0:	0f000513          	addi	x10,x0,240
 4e4:	c89ff0ef          	jal	x1,16c <PIC_Mask>
 4e8:	00a00793          	addi	x15,x0,10
 4ec:	fef42a23          	sw	x15,-12(x8)
 4f0:	c65ff0ef          	jal	x1,154 <BDPort_Read>
 4f4:	fea42223          	sw	x10,-28(x8)
 4f8:	fe442783          	lw	x15,-28(x8)
 4fc:	0ff7f793          	andi	x15,x15,255
 500:	00f7f793          	andi	x15,x15,15
 504:	fef401a3          	sb	x15,-29(x8)
 508:	fe344783          	lbu	x15,-29(x8)
 50c:	00879793          	slli	x15,x15,0x8
 510:	00078513          	addi	x10,x15,0 # f0000000 <main+0xeffffb5c>
 514:	c4dff0ef          	jal	x1,160 <BDPort_Write>
 518:	ff442783          	lw	x15,-12(x8)
 51c:	01278793          	addi	x15,x15,18
 520:	fef42a23          	sw	x15,-12(x8)
 524:	00000013          	addi	x0,x0,0
 528:	fc9ff06f          	jal	x0,4f0 <main+0x4c>

Disassembly of section .data:

00000000 <count>:
   0:	0666                	.2byte	0x666
	...

Disassembly of section .riscv.attributes:

00000000 <.riscv.attributes>:
   0:	4241                	.2byte	0x4241
   2:	0000                	.2byte	0x0
   4:	7200                	.2byte	0x7200
   6:	7369                	.2byte	0x7369
   8:	01007663          	bgeu	x0,x16,14 <_bootloader_csr_+0x10>
   c:	0038                	.2byte	0x38
   e:	0000                	.2byte	0x0
  10:	0804                	.2byte	0x804
  12:	7205                	.2byte	0x7205
  14:	3376                	.2byte	0x3376
  16:	6932                	.2byte	0x6932
  18:	7032                	.2byte	0x7032
  1a:	5f31                	.2byte	0x5f31
  1c:	326d                	.2byte	0x326d
  1e:	3070                	.2byte	0x3070
  20:	7a5f 6369 7273      	.byte	0x5f, 0x7a, 0x69, 0x63, 0x73, 0x72
  26:	7032                	.2byte	0x7032
  28:	5f30                	.2byte	0x5f30
  2a:	697a                	.2byte	0x697a
  2c:	6566                	.2byte	0x6566
  2e:	636e                	.2byte	0x636e
  30:	6965                	.2byte	0x6965
  32:	7032                	.2byte	0x7032
  34:	5f30                	.2byte	0x5f30
  36:	6d7a                	.2byte	0x6d7a
  38:	756d                	.2byte	0x756d
  3a:	316c                	.2byte	0x316c
  3c:	3070                	.2byte	0x3070
  3e:	0800                	.2byte	0x800
  40:	0a01                	.2byte	0xa01
  42:	0b              	Address 0x42 is out of bounds.


Disassembly of section .comment:

00000000 <.comment>:
   0:	3a434347          	.4byte	0x3a434347
   4:	2820                	.2byte	0x2820
   6:	65653267          	.4byte	0x65653267
   a:	6535                	.2byte	0x6535
   c:	3334                	.2byte	0x3334
   e:	3030                	.2byte	0x3030
  10:	3831                	.2byte	0x3831
  12:	2029                	.2byte	0x2029
  14:	3231                	.2byte	0x3231
  16:	322e                	.2byte	0x322e
  18:	302e                	.2byte	0x302e
	...
