
./build/muKernel.elf:     file format elf32-littleriscv


Disassembly of section .text:

00000000 <_bootloader_stackpointer_>:
   0:	00003117          	auipc	x2,0x3
   4:	10410113          	addi	x2,x2,260 # 3104 <_stack_ptr>

00000008 <_bootloader_csr_>:
   8:	00001f37          	lui	x30,0x1
   c:	800f0f13          	addi	x30,x30,-2048 # 800 <main+0x6e0>
  10:	304f2073          	csrrs	x0,mie,x30
  14:	30046073          	csrrsi	x0,mstatus,8
  18:	00000f17          	auipc	x30,0x0
  1c:	018f0f13          	addi	x30,x30,24 # 30 <trap_entry>
  20:	305f1073          	csrrw	x0,mtvec,x30
  24:	34101073          	csrrw	x0,mepc,x0
  28:	34201073          	csrrw	x0,mcause,x0
  2c:	0f4000ef          	jal	x1,120 <main>

00000030 <trap_entry>:
  30:	fbc10113          	addi	x2,x2,-68
  34:	00112023          	sw	x1,0(x2)
  38:	00a12223          	sw	x10,4(x2)
  3c:	00b12423          	sw	x11,8(x2)
  40:	00c12623          	sw	x12,12(x2)
  44:	00d12823          	sw	x13,16(x2)
  48:	00e12a23          	sw	x14,20(x2)
  4c:	00f12c23          	sw	x15,24(x2)
  50:	01012e23          	sw	x16,28(x2)
  54:	03112023          	sw	x17,32(x2)
  58:	02512223          	sw	x5,36(x2)
  5c:	02612423          	sw	x6,40(x2)
  60:	02712623          	sw	x7,44(x2)
  64:	03c12823          	sw	x28,48(x2)
  68:	03d12a23          	sw	x29,52(x2)
  6c:	03e12c23          	sw	x30,56(x2)
  70:	03f12e23          	sw	x31,60(x2)
  74:	34202573          	csrrs	x10,mcause,x0
  78:	341025f3          	csrrs	x11,mepc,x0
  7c:	050000ef          	jal	x1,cc <trap_handler>
  80:	34151073          	csrrw	x0,mepc,x10
  84:	00012083          	lw	x1,0(x2)
  88:	00412503          	lw	x10,4(x2)
  8c:	00812583          	lw	x11,8(x2)
  90:	00c12603          	lw	x12,12(x2)
  94:	01012683          	lw	x13,16(x2)
  98:	01412703          	lw	x14,20(x2)
  9c:	01812783          	lw	x15,24(x2)
  a0:	01c12803          	lw	x16,28(x2)
  a4:	02012883          	lw	x17,32(x2)
  a8:	02412283          	lw	x5,36(x2)
  ac:	02812303          	lw	x6,40(x2)
  b0:	02c12383          	lw	x7,44(x2)
  b4:	03012e03          	lw	x28,48(x2)
  b8:	03412e83          	lw	x29,52(x2)
  bc:	03812f03          	lw	x30,56(x2)
  c0:	03c12f83          	lw	x31,60(x2)
  c4:	04410113          	addi	x2,x2,68
  c8:	30200073          	mret

000000cc <trap_handler>:
  cc:	fe810113          	addi	x2,x2,-24
  d0:	00812a23          	sw	x8,20(x2)
  d4:	01810413          	addi	x8,x2,24
  d8:	fea42623          	sw	x10,-20(x8)
  dc:	feb42423          	sw	x11,-24(x8)
  e0:	fe040ba3          	sb	x0,-9(x8)
  e4:	fe040b23          	sb	x0,-10(x8)
  e8:	fec42783          	lw	x15,-20(x8)
  ec:	0007cc63          	blt	x15,x0,104 <STACK_SIZE+0x4>
  f0:	00100793          	addi	x15,x0,1
  f4:	fef40b23          	sb	x15,-10(x8)
  f8:	fe842783          	lw	x15,-24(x8)
  fc:	00478793          	addi	x15,x15,4
 100:	0100006f          	jal	x0,110 <STACK_SIZE+0x10>
 104:	00100793          	addi	x15,x0,1
 108:	fef40ba3          	sb	x15,-9(x8)
 10c:	fe842783          	lw	x15,-24(x8)
 110:	00078513          	addi	x10,x15,0
 114:	01412403          	lw	x8,20(x2)
 118:	01810113          	addi	x2,x2,24
 11c:	00008067          	jalr	x0,0(x1)

00000120 <main>:
 120:	ff810113          	addi	x2,x2,-8
 124:	00812223          	sw	x8,4(x2)
 128:	00810413          	addi	x8,x2,8
 12c:	00000073          	ecall
 130:	000037b7          	lui	x15,0x3
 134:	0007a783          	lw	x15,0(x15) # 3000 <count>
 138:	00178713          	addi	x14,x15,1
 13c:	000037b7          	lui	x15,0x3
 140:	00e7a023          	sw	x14,0(x15) # 3000 <count>
 144:	fedff06f          	jal	x0,130 <main+0x10>

Disassembly of section .data:

00003000 <count>:
    3000:	0666                	.2byte	0x666
	...

Disassembly of section .riscv.attributes:

00000000 <.riscv.attributes>:
   0:	3441                	.2byte	0x3441
   2:	0000                	.2byte	0x0
   4:	7200                	.2byte	0x7200
   6:	7369                	.2byte	0x7369
   8:	01007663          	bgeu	x0,x16,14 <_bootloader_csr_+0xc>
   c:	002a                	.2byte	0x2a
   e:	0000                	.2byte	0x0
  10:	0804                	.2byte	0x804
  12:	7205                	.2byte	0x7205
  14:	3376                	.2byte	0x3376
  16:	6932                	.2byte	0x6932
  18:	7032                	.2byte	0x7032
  1a:	5f31                	.2byte	0x5f31
  1c:	697a                	.2byte	0x697a
  1e:	32727363          	bgeu	x4,x7,344 <main+0x224>
  22:	3070                	.2byte	0x3070
  24:	7a5f 6669 6e65      	.byte	0x5f, 0x7a, 0x69, 0x66, 0x65, 0x6e
  2a:	32696563          	bltu	x18,x6,354 <main+0x234>
  2e:	3070                	.2byte	0x3070
  30:	0800                	.2byte	0x800
  32:	0a01                	.2byte	0xa01
  34:	0b              	Address 0x34 is out of bounds.


Disassembly of section .comment:

00000000 <.comment>:
   0:	3a434347          	.4byte	0x3a434347
   4:	2820                	.2byte	0x2820
   6:	65653267          	.4byte	0x65653267
   a:	6535                	.2byte	0x6535
   c:	3334                	.2byte	0x3334
   e:	3030                	.2byte	0x3030
  10:	3831                	.2byte	0x3831
  12:	2029                	.2byte	0x2029
  14:	3231                	.2byte	0x3231
  16:	322e                	.2byte	0x322e
  18:	302e                	.2byte	0x302e
	...
